d:\pc\desktop\fuuuuck\tp4-reseaux\serveur\clientreseau4\clientreseau4\debug\clientreseau4.pch
d:\pc\desktop\fuuuuck\tp4-reseaux\serveur\clientreseau4\clientreseau4\debug\vc141.pdb
d:\pc\desktop\fuuuuck\tp4-reseaux\serveur\clientreseau4\clientreseau4\debug\vc141.idb
d:\pc\desktop\fuuuuck\tp4-reseaux\serveur\clientreseau4\clientreseau4\debug\stdafx.obj
d:\pc\desktop\fuuuuck\tp4-reseaux\serveur\clientreseau4\clientreseau4\debug\clientreseau4.obj
c:\users\tristan\source\repos\lab4\newrepo\tp4-reseaux\serveur\clientreseau4\clientreseau4\debug\clientreseau4.pch
c:\users\tristan\source\repos\lab4\newrepo\tp4-reseaux\serveur\clientreseau4\clientreseau4\debug\vc141.pdb
c:\users\tristan\source\repos\lab4\newrepo\tp4-reseaux\serveur\clientreseau4\clientreseau4\debug\vc141.idb
c:\users\tristan\source\repos\lab4\newrepo\tp4-reseaux\serveur\clientreseau4\clientreseau4\debug\stdafx.obj
d:\pc\desktop\fuuuuck\tp4-reseaux\serveur\clientreseau4\debug\clientreseau4.ilk
d:\pc\desktop\fuuuuck\tp4-reseaux\serveur\clientreseau4\debug\clientreseau4.exe
d:\pc\desktop\fuuuuck\tp4-reseaux\serveur\clientreseau4\debug\clientreseau4.pdb
c:\users\tristan\source\repos\lab4\newrepo\tp4-reseaux\serveur\clientreseau4\clientreseau4\debug\clientreseau4.obj.enc
c:\users\tristan\source\repos\lab4\newrepo\tp4-reseaux\serveur\clientreseau4\debug\clientreseau4.pdb
c:\users\tristan\source\repos\lab4\newrepo\tp4-reseaux\serveur\clientreseau4\debug\clientreseau4.exe
c:\users\tristan\source\repos\lab4\newrepo\tp4-reseaux\serveur\clientreseau4\debug\clientreseau4.ilk
c:\users\tristan\source\repos\lab4\newrepo\tp4-reseaux\serveur\clientreseau4\clientreseau4\debug\clientreseau4.tlog\cl.command.1.tlog
c:\users\tristan\source\repos\lab4\newrepo\tp4-reseaux\serveur\clientreseau4\clientreseau4\debug\clientreseau4.tlog\cl.read.1.tlog
c:\users\tristan\source\repos\lab4\newrepo\tp4-reseaux\serveur\clientreseau4\clientreseau4\debug\clientreseau4.tlog\cl.write.1.tlog
c:\users\tristan\source\repos\lab4\newrepo\tp4-reseaux\serveur\clientreseau4\clientreseau4\debug\clientreseau4.tlog\link.command.1.tlog
c:\users\tristan\source\repos\lab4\newrepo\tp4-reseaux\serveur\clientreseau4\clientreseau4\debug\clientreseau4.tlog\link.read.1.tlog
c:\users\tristan\source\repos\lab4\newrepo\tp4-reseaux\serveur\clientreseau4\clientreseau4\debug\clientreseau4.tlog\link.write.1.tlog
